[0512/122734.654:WARNING:runtime_features.cc(728)] AttributionReportingCrossAppWeb cannot be enabled in this configuration. Use --enable-features=ConversionMeasurement,AttributionReportingCrossAppWeb in addition.
[0512/122734.657:WARNING:runtime_features.cc(728)] AttributionReportingCrossAppWeb cannot be enabled in this configuration. Use --enable-features=ConversionMeasurement,AttributionReportingCrossAppWeb in addition.
[0512/122735.225:INFO:CONSOLE(2)] "kernel isReady false", source: file:///C:/users/hutao/appdata/local/microsoft/visualstudio/17.0_e46f0f1f/extensions/gfz30igo.ew2/WebView/Resources/autowork/chat.js (2)
[0512/122735.265:INFO:CONSOLE(2)] "Webview->Extension(persistentStorageEvent): [object Object]", source: file:///C:/users/hutao/appdata/local/microsoft/visualstudio/17.0_e46f0f1f/extensions/gfz30igo.ew2/WebView/Resources/autowork/chat.js (2)
[0512/122735.266:INFO:CONSOLE(2)] "Webview->Extension(PassthroughRequest): [object Object]", source: file:///C:/users/hutao/appdata/local/microsoft/visualstudio/17.0_e46f0f1f/extensions/gfz30igo.ew2/WebView/Resources/autowork/chat.js (2)
[0512/122735.266:INFO:CONSOLE(2)] "Webview->Extension(licenseFullDetailFetchEvent): [object Object]", source: file:///C:/users/hutao/appdata/local/microsoft/visualstudio/17.0_e46f0f1f/extensions/gfz30igo.ew2/WebView/Resources/autowork/chat.js (2)
[0512/122735.266:INFO:CONSOLE(2)] "Webview->Extension(initFetchEvent): [object Object]", source: file:///C:/users/hutao/appdata/local/microsoft/visualstudio/17.0_e46f0f1f/extensions/gfz30igo.ew2/WebView/Resources/autowork/chat.js (2)
[0512/122735.266:INFO:CONSOLE(2)] "Webview->Extension(PassthroughRequest): [object Object]", source: file:///C:/users/hutao/appdata/local/microsoft/visualstudio/17.0_e46f0f1f/extensions/gfz30igo.ew2/WebView/Resources/autowork/chat.js (2)
[0512/122735.266:INFO:CONSOLE(2)] "Webview->Extension(usernameFetchEvent): [object Object]", source: file:///C:/users/hutao/appdata/local/microsoft/visualstudio/17.0_e46f0f1f/extensions/gfz30igo.ew2/WebView/Resources/autowork/chat.js (2)
[0512/122735.266:INFO:CONSOLE(2)] "Webview->Extension(editorChangedEvent): [object Object]", source: file:///C:/users/hutao/appdata/local/microsoft/visualstudio/17.0_e46f0f1f/extensions/gfz30igo.ew2/WebView/Resources/autowork/chat.js (2)
[0512/122735.266:INFO:CONSOLE(2)] "Webview->Extension(PassthroughRequest): [object Object]", source: file:///C:/users/hutao/appdata/local/microsoft/visualstudio/17.0_e46f0f1f/extensions/gfz30igo.ew2/WebView/Resources/autowork/chat.js (2)
[0512/122735.266:INFO:CONSOLE(2)] "Webview->Extension(webview_passthroughMessage_toIde): [object Object]", source: file:///C:/users/hutao/appdata/local/microsoft/visualstudio/17.0_e46f0f1f/extensions/gfz30igo.ew2/WebView/Resources/autowork/chat.js (2)
[0512/122735.266:INFO:CONSOLE(2)] "kernel isReady false", source: file:///C:/users/hutao/appdata/local/microsoft/visualstudio/17.0_e46f0f1f/extensions/gfz30igo.ew2/WebView/Resources/autowork/chat.js (2)
[0512/122735.446:INFO:CONSOLE(2)] "Extension->Webview(persistentStorageEvent-reply): {"action":"read","scope":"global","key":"ComateActiveTabKey","value":null}", source: file:///C:/users/hutao/appdata/local/microsoft/visualstudio/17.0_e46f0f1f/extensions/gfz30igo.ew2/WebView/Resources/autowork/chat.js (2)
[0512/122735.452:INFO:CONSOLE(2)] "Extension->Webview(licenseFullDetailFetchEvent-reply): {"vpcConfig":{"status":false,"endpoint":"","intranetDomain":"","intranetSubnets":[],"intranetErrorMsg":""},"features":{"enableUploadKnowledgeFromIDE":false,"customFeedbackURL":""},"key":"","typeId":2,"type":"标准版","typeCode":"TRIAL_INDIVIDUAL","customizedUrl":"","customized":false,"endpoint":""}", source: file:///C:/users/hutao/appdata/local/microsoft/visualstudio/17.0_e46f0f1f/extensions/gfz30igo.ew2/WebView/Resources/autowork/chat.js (2)
[0512/122735.453:INFO:CONSOLE(2)] "Extension->Webview(licenseFullDetailChangeEvent): [object Object]", source: file:///C:/users/hutao/appdata/local/microsoft/visualstudio/17.0_e46f0f1f/extensions/gfz30igo.ew2/WebView/Resources/autowork/chat.js (2)
[0512/122735.588:INFO:CONSOLE(2)] "Extension->Webview(PassthroughRequest-reply): {"data":{"endpoint":"https://comate.baidu.com/api","serverHost":"https://comate.baidu.com","system":{"enableUserGuide":true,"enableAgent":true,"enableFeedback":true,"enableJoiningInfoFlowGroup":false,"env":"saas"},"completion":{"enableCache":true},"autowork":{"endpoint":"https://comate.baidu.com/api/aidevops/autocomate","enableIntentRecognition":true,"enableZulu":true,"enableAutoApplyFunction":true,"enableInlineChat":true},"comateplus":{"enabled":true,"endpoint":"https://comate.baidu.com/api/v2"},"log":{"logUploadUrl":"https://comate.baidu.com/logger/comate.log","performanceUploadUrl":"https://comate.baidu.com/logger/performance.log"},"ut":{"enableBatchGenerate":false,"endpoint":"https://comate.baidu.com","generateUri":"/api/plugin/ut/key/gen?key=%s&env=online","acceptUri":"/api/plugin/ut/key/accept?key=%s&env=online","completionUri":"/api/plugin/ut/key/complete?key=%s&env=online","batchUploadUri":"/api/iutupgrade/callback"},"webSocket":{"endpoint":"ws://comate.baidu.com/api/aidevops/autocomate"},"iapi":{"enableInterfaceGeneration":false,"interfaceEndpoint":"127.0.0.1","trackEndpoint":"https://comate.baidu.com/api","searchEndpoint":"https://comate.baidu.com/api"},"dao":{"enableGenDao":false,"enableGenSql":false,"endpoint":"127.0.0.1"},"license":{"endpoint":"https://comate.baidu.com","bceEndpoint":"https://console.bce.baidu.com/comate"},"notification":{"enableAINative":false,"enableBaiduUsingSaas":true,"enablePocUsingSaas":false},"embedding":{"enableSearchFromInternet":true,"indexVersionCheckUrl":"https://comate.baidu.com/api/autowork/index/remote-server-version","multiEmbeddingSearchUrl":"127.0.0.1","embeddingSearchUrl":"https://comate.baidu.com/api/autowork/retrieval/embeddingsearch","knowledgeWorkspacesUrl":"https://comate.baidu.com/api/v2/api/aidevops/knowledge/rest/v1/workspaces","embeddingIndexProgressUrl":"https://comate.baidu.com/api/autowork/index/v2/remote-index-info","autoworkConfigUrl":"https://comate.baidu.com/api/autowork/index/remote-index-config","dependencyConfigUrl":"https://comate.baidu.com/api/autowork/retrieval/v2/dependency/config","dependencyParseUrl":"https://comate.baidu.com/api/autowork/index/v2/dependency/info","multiEmbeddingSearchUrlForLineCommentSearchUrl":"https://comate.baidu.com/api/autowork/retrieval/multiembeddingsearch"},"codeGraph":{"enabled":false,"endpoint":"127.0.0.1"},"security":{"enabled":true},"icafe":{"enabled":false,"endpoint":"127.0.0.1","rankEndpoint":"127.0.0.1"}},"status":200,"headers":null}", source: file:///C:/users/hutao/appdata/local/microsoft/visualstudio/17.0_e46f0f1f/extensions/gfz30igo.ew2/WebView/Resources/autowork/chat.js (2)
[0512/122735.595:INFO:CONSOLE(2)] "ispoc true false false true", source: file:///C:/users/hutao/appdata/local/microsoft/visualstudio/17.0_e46f0f1f/extensions/gfz30igo.ew2/WebView/Resources/autowork/chat.js (2)
[0512/122735.645:INFO:CONSOLE(2)] "Webview->Extension(messagesFetchEvent): [object Object]", source: file:///C:/users/hutao/appdata/local/microsoft/visualstudio/17.0_e46f0f1f/extensions/gfz30igo.ew2/WebView/Resources/autowork/chat.js (2)
[0512/122735.645:INFO:CONSOLE(2)] "Webview->Extension(colorThemeFetchEvent): [object Object]", source: file:///C:/users/hutao/appdata/local/microsoft/visualstudio/17.0_e46f0f1f/extensions/gfz30igo.ew2/WebView/Resources/autowork/chat.js (2)
[0512/122735.645:INFO:CONSOLE(2)] "Webview->Extension(persistentStorageEvent): [object Object]", source: file:///C:/users/hutao/appdata/local/microsoft/visualstudio/17.0_e46f0f1f/extensions/gfz30igo.ew2/WebView/Resources/autowork/chat.js (2)
[0512/122735.646:INFO:CONSOLE(2)] "Webview->Extension(webViewInitEvent): [object Object]", source: file:///C:/users/hutao/appdata/local/microsoft/visualstudio/17.0_e46f0f1f/extensions/gfz30igo.ew2/WebView/Resources/autowork/chat.js (2)
[0512/122735.646:INFO:CONSOLE(2)] "Webview->Extension(licenseValidityFetchEvent2): [object Object]", source: file:///C:/users/hutao/appdata/local/microsoft/visualstudio/17.0_e46f0f1f/extensions/gfz30igo.ew2/WebView/Resources/autowork/chat.js (2)
[0512/122735.646:INFO:CONSOLE(2)] "Webview->Extension(avatarFetchEvent): [object Object]", source: file:///C:/users/hutao/appdata/local/microsoft/visualstudio/17.0_e46f0f1f/extensions/gfz30igo.ew2/WebView/Resources/autowork/chat.js (2)
[0512/122735.646:INFO:CONSOLE(2)] "Webview->Extension(loginStatusFetchEvent): [object Object]", source: file:///C:/users/hutao/appdata/local/microsoft/visualstudio/17.0_e46f0f1f/extensions/gfz30igo.ew2/WebView/Resources/autowork/chat.js (2)
[0512/122735.646:INFO:CONSOLE(2)] "Webview->Extension(languageFetchEvent): [object Object]", source: file:///C:/users/hutao/appdata/local/microsoft/visualstudio/17.0_e46f0f1f/extensions/gfz30igo.ew2/WebView/Resources/autowork/chat.js (2)
[0512/122735.646:INFO:CONSOLE(2)] "Webview->Extension(agentSwitchStatusEvent): [object Object]", source: file:///C:/users/hutao/appdata/local/microsoft/visualstudio/17.0_e46f0f1f/extensions/gfz30igo.ew2/WebView/Resources/autowork/chat.js (2)
[0512/122735.646:INFO:CONSOLE(2)] "Webview->Extension(webviewServiceInit): [object Object]", source: file:///C:/users/hutao/appdata/local/microsoft/visualstudio/17.0_e46f0f1f/extensions/gfz30igo.ew2/WebView/Resources/autowork/chat.js (2)
[0512/122735.646:INFO:CONSOLE(2)] "ispoc true false false true", source: file:///C:/users/hutao/appdata/local/microsoft/visualstudio/17.0_e46f0f1f/extensions/gfz30igo.ew2/WebView/Resources/autowork/chat.js (2)
[0512/122735.653:INFO:CONSOLE(2)] "ispoc true false false true", source: file:///C:/users/hutao/appdata/local/microsoft/visualstudio/17.0_e46f0f1f/extensions/gfz30igo.ew2/WebView/Resources/autowork/chat.js (2)
[0512/122736.108:INFO:CONSOLE(2)] "Extension->Webview(initFetchEvent-reply): {"deviceId":"a4245cdbb466fdba95fd421bc07447e9"}", source: file:///C:/users/hutao/appdata/local/microsoft/visualstudio/17.0_e46f0f1f/extensions/gfz30igo.ew2/WebView/Resources/autowork/chat.js (2)
[0512/122736.113:INFO:CONSOLE(2)] "Extension->Webview(usernameFetchEvent-reply): {"username":"hutao","chineseName":"hutao","configUsername":"hutao"}", source: file:///C:/users/hutao/appdata/local/microsoft/visualstudio/17.0_e46f0f1f/extensions/gfz30igo.ew2/WebView/Resources/autowork/chat.js (2)
[0512/122736.113:INFO:CONSOLE(2)] "usernamefetch hutao", source: file:///C:/users/hutao/appdata/local/microsoft/visualstudio/17.0_e46f0f1f/extensions/gfz30igo.ew2/WebView/Resources/autowork/chat.js (2)
[0512/122736.136:INFO:CONSOLE(2)] "Extension->Webview(colorThemeChangeEvent): [object Object]", source: file:///C:/users/hutao/appdata/local/microsoft/visualstudio/17.0_e46f0f1f/extensions/gfz30igo.ew2/WebView/Resources/autowork/chat.js (2)
[0512/122736.137:INFO:CONSOLE(2)] "ispoc true false false true", source: file:///C:/users/hutao/appdata/local/microsoft/visualstudio/17.0_e46f0f1f/extensions/gfz30igo.ew2/WebView/Resources/autowork/chat.js (2)
[0512/122736.138:INFO:CONSOLE(2)] "Extension->Webview(persistentStorageEvent-reply): {"action":"read","scope":"global","key":"ComateBannerVersion","value":null}", source: file:///C:/users/hutao/appdata/local/microsoft/visualstudio/17.0_e46f0f1f/extensions/gfz30igo.ew2/WebView/Resources/autowork/chat.js (2)
[0512/122736.138:INFO:CONSOLE(2)] "Webview->Extension(PassthroughRequest): [object Object]", source: file:///C:/users/hutao/appdata/local/microsoft/visualstudio/17.0_e46f0f1f/extensions/gfz30igo.ew2/WebView/Resources/autowork/chat.js (2)
[0512/122736.143:INFO:CONSOLE(2)] "Extension->Webview(loginStatusFetchEvent-reply): false", source: file:///C:/users/hutao/appdata/local/microsoft/visualstudio/17.0_e46f0f1f/extensions/gfz30igo.ew2/WebView/Resources/autowork/chat.js (2)
[0512/122736.144:INFO:CONSOLE(2)] "ispoc false false false true", source: file:///C:/users/hutao/appdata/local/microsoft/visualstudio/17.0_e46f0f1f/extensions/gfz30igo.ew2/WebView/Resources/autowork/chat.js (2)
[0512/122736.178:INFO:CONSOLE(2)] "Extension->Webview(PassthroughRequest-reply): {"data":{"endpoint":"https://comate.baidu.com/api","serverHost":"https://comate.baidu.com","system":{"enableUserGuide":true,"enableAgent":true,"enableFeedback":true,"enableJoiningInfoFlowGroup":false,"env":"saas"},"completion":{"enableCache":true},"autowork":{"endpoint":"https://comate.baidu.com/api/aidevops/autocomate","enableIntentRecognition":true,"enableZulu":true,"enableAutoApplyFunction":true,"enableInlineChat":true},"comateplus":{"enabled":true,"endpoint":"https://comate.baidu.com/api/v2"},"log":{"logUploadUrl":"https://comate.baidu.com/logger/comate.log","performanceUploadUrl":"https://comate.baidu.com/logger/performance.log"},"ut":{"enableBatchGenerate":false,"endpoint":"https://comate.baidu.com","generateUri":"/api/plugin/ut/key/gen?key=%s&env=online","acceptUri":"/api/plugin/ut/key/accept?key=%s&env=online","completionUri":"/api/plugin/ut/key/complete?key=%s&env=online","batchUploadUri":"/api/iutupgrade/callback"},"webSocket":{"endpoint":"ws://comate.baidu.com/api/aidevops/autocomate"},"iapi":{"enableInterfaceGeneration":false,"interfaceEndpoint":"127.0.0.1","trackEndpoint":"https://comate.baidu.com/api","searchEndpoint":"https://comate.baidu.com/api"},"dao":{"enableGenDao":false,"enableGenSql":false,"endpoint":"127.0.0.1"},"license":{"endpoint":"https://comate.baidu.com","bceEndpoint":"https://console.bce.baidu.com/comate"},"notification":{"enableAINative":false,"enableBaiduUsingSaas":true,"enablePocUsingSaas":false},"embedding":{"enableSearchFromInternet":true,"indexVersionCheckUrl":"https://comate.baidu.com/api/autowork/index/remote-server-version","multiEmbeddingSearchUrl":"127.0.0.1","embeddingSearchUrl":"https://comate.baidu.com/api/autowork/retrieval/embeddingsearch","knowledgeWorkspacesUrl":"https://comate.baidu.com/api/v2/api/aidevops/knowledge/rest/v1/workspaces","embeddingIndexProgressUrl":"https://comate.baidu.com/api/autowork/index/v2/remote-index-info","autoworkConfigUrl":"https://comate.baidu.com/api/autowork/index/remote-index-config","dependencyConfigUrl":"https://comate.baidu.com/api/autowork/retrieval/v2/dependency/config","dependencyParseUrl":"https://comate.baidu.com/api/autowork/index/v2/dependency/info","multiEmbeddingSearchUrlForLineCommentSearchUrl":"https://comate.baidu.com/api/autowork/retrieval/multiembeddingsearch"},"codeGraph":{"enabled":false,"endpoint":"127.0.0.1"},"security":{"enabled":true},"icafe":{"enabled":false,"endpoint":"127.0.0.1","rankEndpoint":"127.0.0.1"}},"status":200,"headers":null}", source: file:///C:/users/hutao/appdata/local/microsoft/visualstudio/17.0_e46f0f1f/extensions/gfz30igo.ew2/WebView/Resources/autowork/chat.js (2)
[0512/122736.179:INFO:CONSOLE(2)] "ispoc false false false true", source: file:///C:/users/hutao/appdata/local/microsoft/visualstudio/17.0_e46f0f1f/extensions/gfz30igo.ew2/WebView/Resources/autowork/chat.js (2)
[0512/122736.198:INFO:CONSOLE(2)] "Webview->Extension(persistentStorageEvent): [object Object]", source: file:///C:/users/hutao/appdata/local/microsoft/visualstudio/17.0_e46f0f1f/extensions/gfz30igo.ew2/WebView/Resources/autowork/chat.js (2)
[0512/122736.198:INFO:CONSOLE(2)] "Extension->Webview(persistentStorageEvent-reply): {"action":"read","scope":"global","key":"ReadComposerTrial","value":null}", source: file:///C:/users/hutao/appdata/local/microsoft/visualstudio/17.0_e46f0f1f/extensions/gfz30igo.ew2/WebView/Resources/autowork/chat.js (2)
[0512/122736.244:INFO:CONSOLE(2)] "Extension->Webview(PassthroughRequest-reply): {"data":{"data":{"bannerUrl":"https://now.bdstatic.com/stash/v1/dc8c989/frontend/92932cd/images/comate3question.png","bannerText":"邀你[测评](https://comate.baidu.com/zh/activityZulu?track=ide)拿大奖｜文心快码智能新物种Zulu来了!","bannerShowSwitch":false,"lotteryKey":"https://iwenjuan.baidu.com/?code=wlzowd","version":"4"},"code":0,"message":"操作成功！"},"status":200,"headers":null}", source: file:///C:/users/hutao/appdata/local/microsoft/visualstudio/17.0_e46f0f1f/extensions/gfz30igo.ew2/WebView/Resources/autowork/chat.js (2)
[0512/122736.245:INFO:CONSOLE(2)] "ispoc false false false true", source: file:///C:/users/hutao/appdata/local/microsoft/visualstudio/17.0_e46f0f1f/extensions/gfz30igo.ew2/WebView/Resources/autowork/chat.js (2)
[0512/122736.246:INFO:CONSOLE(2)] "Webview->Extension(inputHistoryFetchEvent): [object Object]", source: file:///C:/users/hutao/appdata/local/microsoft/visualstudio/17.0_e46f0f1f/extensions/gfz30igo.ew2/WebView/Resources/autowork/chat.js (2)
[0512/122736.262:INFO:CONSOLE(2)] "Extension->Webview(PassthroughRequest-reply): {"data":{"data":null,"code":401,"message":"license为空，请在comate插件设置中配置license"},"status":200,"headers":null}", source: file:///C:/users/hutao/appdata/local/microsoft/visualstudio/17.0_e46f0f1f/extensions/gfz30igo.ew2/WebView/Resources/autowork/chat.js (2)
[0512/122738.238:INFO:CONSOLE(2)] "Extension->Webview(ide_passthroughMessage_toWebview): [object Object]", source: file:///C:/users/hutao/appdata/local/microsoft/visualstudio/17.0_e46f0f1f/extensions/gfz30igo.ew2/WebView/Resources/autowork/chat.js (2)
[0512/122738.238:INFO:CONSOLE(2)] "收到了kernel初始化", source: file:///C:/users/hutao/appdata/local/microsoft/visualstudio/17.0_e46f0f1f/extensions/gfz30igo.ew2/WebView/Resources/autowork/chat.js (2)
[0512/122738.238:INFO:CONSOLE(2)] "kernel isReady true", source: file:///C:/users/hutao/appdata/local/microsoft/visualstudio/17.0_e46f0f1f/extensions/gfz30igo.ew2/WebView/Resources/autowork/chat.js (2)
[0512/122738.239:INFO:CONSOLE(2)] "Webview->Extension(webview_passthroughMessage_toIde): [object Object]", source: file:///C:/users/hutao/appdata/local/microsoft/visualstudio/17.0_e46f0f1f/extensions/gfz30igo.ew2/WebView/Resources/autowork/chat.js (2)
[0512/122805.416:INFO:CONSOLE(2)] "webview init send error Error: Request timeout", source: file:///C:/users/hutao/appdata/local/microsoft/visualstudio/17.0_e46f0f1f/extensions/gfz30igo.ew2/WebView/Resources/autowork/chat.js (2)
[0512/123107.265:INFO:CONSOLE(2)] "Extension->Webview(editorChangedEvent): [object Object]", source: file:///C:/users/hutao/appdata/local/microsoft/visualstudio/17.0_e46f0f1f/extensions/gfz30igo.ew2/WebView/Resources/autowork/chat.js (2)
[0512/123107.277:INFO:CONSOLE(2)] "Extension->Webview(editorChangedEvent): [object Object]", source: file:///C:/users/hutao/appdata/local/microsoft/visualstudio/17.0_e46f0f1f/extensions/gfz30igo.ew2/WebView/Resources/autowork/chat.js (2)
[0512/123145.679:INFO:CONSOLE(2)] "Extension->Webview(editorChangedEvent): [object Object]", source: file:///C:/users/hutao/appdata/local/microsoft/visualstudio/17.0_e46f0f1f/extensions/gfz30igo.ew2/WebView/Resources/autowork/chat.js (2)
[0512/123145.726:INFO:CONSOLE(2)] "Extension->Webview(editorChangedEvent): [object Object]", source: file:///C:/users/hutao/appdata/local/microsoft/visualstudio/17.0_e46f0f1f/extensions/gfz30igo.ew2/WebView/Resources/autowork/chat.js (2)
[0512/123147.307:INFO:CONSOLE(2)] "Extension->Webview(editorChangedEvent): [object Object]", source: file:///C:/users/hutao/appdata/local/microsoft/visualstudio/17.0_e46f0f1f/extensions/gfz30igo.ew2/WebView/Resources/autowork/chat.js (2)
[0512/123221.250:INFO:CONSOLE(2)] "Extension->Webview(editorChangedEvent): [object Object]", source: file:///C:/users/hutao/appdata/local/microsoft/visualstudio/17.0_e46f0f1f/extensions/gfz30igo.ew2/WebView/Resources/autowork/chat.js (2)
[0512/123406.043:INFO:CONSOLE(2)] "Extension->Webview(editorChangedEvent): [object Object]", source: file:///C:/users/hutao/appdata/local/microsoft/visualstudio/17.0_e46f0f1f/extensions/gfz30igo.ew2/WebView/Resources/autowork/chat.js (2)
[0512/124456.254:INFO:CONSOLE(2)] "Extension->Webview(editorChangedEvent): [object Object]", source: file:///C:/users/hutao/appdata/local/microsoft/visualstudio/17.0_e46f0f1f/extensions/gfz30igo.ew2/WebView/Resources/autowork/chat.js (2)
[0512/124456.301:INFO:CONSOLE(2)] "Extension->Webview(editorChangedEvent): [object Object]", source: file:///C:/users/hutao/appdata/local/microsoft/visualstudio/17.0_e46f0f1f/extensions/gfz30igo.ew2/WebView/Resources/autowork/chat.js (2)
[0512/124457.764:INFO:CONSOLE(2)] "Extension->Webview(editorChangedEvent): [object Object]", source: file:///C:/users/hutao/appdata/local/microsoft/visualstudio/17.0_e46f0f1f/extensions/gfz30igo.ew2/WebView/Resources/autowork/chat.js (2)
[0512/124634.275:INFO:CONSOLE(2)] "Extension->Webview(editorChangedEvent): [object Object]", source: file:///C:/users/hutao/appdata/local/microsoft/visualstudio/17.0_e46f0f1f/extensions/gfz30igo.ew2/WebView/Resources/autowork/chat.js (2)
[0512/124637.748:INFO:CONSOLE(2)] "Extension->Webview(editorChangedEvent): [object Object]", source: file:///C:/users/hutao/appdata/local/microsoft/visualstudio/17.0_e46f0f1f/extensions/gfz30igo.ew2/WebView/Resources/autowork/chat.js (2)
[0512/124644.269:INFO:CONSOLE(2)] "Extension->Webview(editorChangedEvent): [object Object]", source: file:///C:/users/hutao/appdata/local/microsoft/visualstudio/17.0_e46f0f1f/extensions/gfz30igo.ew2/WebView/Resources/autowork/chat.js (2)
[0512/124647.420:INFO:CONSOLE(2)] "Extension->Webview(editorChangedEvent): [object Object]", source: file:///C:/users/hutao/appdata/local/microsoft/visualstudio/17.0_e46f0f1f/extensions/gfz30igo.ew2/WebView/Resources/autowork/chat.js (2)
[0512/124754.639:INFO:CONSOLE(2)] "Extension->Webview(editorChangedEvent): [object Object]", source: file:///C:/users/hutao/appdata/local/microsoft/visualstudio/17.0_e46f0f1f/extensions/gfz30igo.ew2/WebView/Resources/autowork/chat.js (2)
[0512/124756.103:INFO:CONSOLE(2)] "Extension->Webview(editorChangedEvent): [object Object]", source: file:///C:/users/hutao/appdata/local/microsoft/visualstudio/17.0_e46f0f1f/extensions/gfz30igo.ew2/WebView/Resources/autowork/chat.js (2)
[0512/124756.114:INFO:CONSOLE(2)] "Extension->Webview(editorChangedEvent): [object Object]", source: file:///C:/users/hutao/appdata/local/microsoft/visualstudio/17.0_e46f0f1f/extensions/gfz30igo.ew2/WebView/Resources/autowork/chat.js (2)
[0512/151043.260:WARNING:dns_config_service_win.cc(586)] Failed to read DnsConfig.
[0512/173230.179:INFO:CONSOLE(2)] "Extension->Webview(colorThemeChangeEvent): [object Object]", source: file:///C:/users/hutao/appdata/local/microsoft/visualstudio/17.0_e46f0f1f/extensions/gfz30igo.ew2/WebView/Resources/autowork/chat.js (2)
[0512/173230.931:INFO:CONSOLE(2)] "Extension->Webview(colorThemeChangeEvent): [object Object]", source: file:///C:/users/hutao/appdata/local/microsoft/visualstudio/17.0_e46f0f1f/extensions/gfz30igo.ew2/WebView/Resources/autowork/chat.js (2)
[0512/173231.189:INFO:CONSOLE(2)] "Extension->Webview(colorThemeChangeEvent): [object Object]", source: file:///C:/users/hutao/appdata/local/microsoft/visualstudio/17.0_e46f0f1f/extensions/gfz30igo.ew2/WebView/Resources/autowork/chat.js (2)
[0512/194726.155:INFO:CONSOLE(2)] "Extension->Webview(editorChangedEvent): [object Object]", source: file:///C:/users/hutao/appdata/local/microsoft/visualstudio/17.0_e46f0f1f/extensions/gfz30igo.ew2/WebView/Resources/autowork/chat.js (2)
[0512/194726.199:INFO:CONSOLE(2)] "Extension->Webview(editorChangedEvent): [object Object]", source: file:///C:/users/hutao/appdata/local/microsoft/visualstudio/17.0_e46f0f1f/extensions/gfz30igo.ew2/WebView/Resources/autowork/chat.js (2)
[0512/194849.937:INFO:CONSOLE(2)] "Extension->Webview(editorChangedEvent): [object Object]", source: file:///C:/users/hutao/appdata/local/microsoft/visualstudio/17.0_e46f0f1f/extensions/gfz30igo.ew2/WebView/Resources/autowork/chat.js (2)
[0512/194849.984:INFO:CONSOLE(2)] "Extension->Webview(editorChangedEvent): [object Object]", source: file:///C:/users/hutao/appdata/local/microsoft/visualstudio/17.0_e46f0f1f/extensions/gfz30igo.ew2/WebView/Resources/autowork/chat.js (2)
[0512/194854.839:INFO:CONSOLE(2)] "Extension->Webview(editorChangedEvent): [object Object]", source: file:///C:/users/hutao/appdata/local/microsoft/visualstudio/17.0_e46f0f1f/extensions/gfz30igo.ew2/WebView/Resources/autowork/chat.js (2)
[0512/194903.990:INFO:CONSOLE(2)] "Extension->Webview(editorChangedEvent): [object Object]", source: file:///C:/users/hutao/appdata/local/microsoft/visualstudio/17.0_e46f0f1f/extensions/gfz30igo.ew2/WebView/Resources/autowork/chat.js (2)
[0512/194905.569:INFO:CONSOLE(2)] "Extension->Webview(editorChangedEvent): [object Object]", source: file:///C:/users/hutao/appdata/local/microsoft/visualstudio/17.0_e46f0f1f/extensions/gfz30igo.ew2/WebView/Resources/autowork/chat.js (2)
[0512/195025.107:INFO:CONSOLE(2)] "Extension->Webview(editorChangedEvent): [object Object]", source: file:///C:/users/hutao/appdata/local/microsoft/visualstudio/17.0_e46f0f1f/extensions/gfz30igo.ew2/WebView/Resources/autowork/chat.js (2)
[0512/195141.079:INFO:CONSOLE(2)] "Extension->Webview(editorChangedEvent): [object Object]", source: file:///C:/users/hutao/appdata/local/microsoft/visualstudio/17.0_e46f0f1f/extensions/gfz30igo.ew2/WebView/Resources/autowork/chat.js (2)
[0512/195208.267:INFO:CONSOLE(2)] "Extension->Webview(editorChangedEvent): [object Object]", source: file:///C:/users/hutao/appdata/local/microsoft/visualstudio/17.0_e46f0f1f/extensions/gfz30igo.ew2/WebView/Resources/autowork/chat.js (2)
[0512/195303.608:INFO:CONSOLE(2)] "Extension->Webview(editorChangedEvent): [object Object]", source: file:///C:/users/hutao/appdata/local/microsoft/visualstudio/17.0_e46f0f1f/extensions/gfz30igo.ew2/WebView/Resources/autowork/chat.js (2)
[0512/195421.947:INFO:CONSOLE(2)] "Extension->Webview(editorChangedEvent): [object Object]", source: file:///C:/users/hutao/appdata/local/microsoft/visualstudio/17.0_e46f0f1f/extensions/gfz30igo.ew2/WebView/Resources/autowork/chat.js (2)
[0512/195920.515:INFO:CONSOLE(2)] "Extension->Webview(editorChangedEvent): [object Object]", source: file:///C:/users/hutao/appdata/local/microsoft/visualstudio/17.0_e46f0f1f/extensions/gfz30igo.ew2/WebView/Resources/autowork/chat.js (2)
[0512/195946.028:INFO:CONSOLE(2)] "Extension->Webview(editorChangedEvent): [object Object]", source: file:///C:/users/hutao/appdata/local/microsoft/visualstudio/17.0_e46f0f1f/extensions/gfz30igo.ew2/WebView/Resources/autowork/chat.js (2)
[0512/200036.342:INFO:CONSOLE(2)] "Extension->Webview(editorChangedEvent): [object Object]", source: file:///C:/users/hutao/appdata/local/microsoft/visualstudio/17.0_e46f0f1f/extensions/gfz30igo.ew2/WebView/Resources/autowork/chat.js (2)
[0512/200057.104:INFO:CONSOLE(2)] "Extension->Webview(editorChangedEvent): [object Object]", source: file:///C:/users/hutao/appdata/local/microsoft/visualstudio/17.0_e46f0f1f/extensions/gfz30igo.ew2/WebView/Resources/autowork/chat.js (2)
[0512/200138.648:INFO:CONSOLE(2)] "Extension->Webview(editorChangedEvent): [object Object]", source: file:///C:/users/hutao/appdata/local/microsoft/visualstudio/17.0_e46f0f1f/extensions/gfz30igo.ew2/WebView/Resources/autowork/chat.js (2)
[0512/200210.419:INFO:CONSOLE(2)] "Extension->Webview(editorChangedEvent): [object Object]", source: file:///C:/users/hutao/appdata/local/microsoft/visualstudio/17.0_e46f0f1f/extensions/gfz30igo.ew2/WebView/Resources/autowork/chat.js (2)
[0512/200230.635:INFO:CONSOLE(2)] "Extension->Webview(editorChangedEvent): [object Object]", source: file:///C:/users/hutao/appdata/local/microsoft/visualstudio/17.0_e46f0f1f/extensions/gfz30igo.ew2/WebView/Resources/autowork/chat.js (2)
[0512/200354.796:INFO:CONSOLE(2)] "Extension->Webview(editorChangedEvent): [object Object]", source: file:///C:/users/hutao/appdata/local/microsoft/visualstudio/17.0_e46f0f1f/extensions/gfz30igo.ew2/WebView/Resources/autowork/chat.js (2)
[0512/200354.843:INFO:CONSOLE(2)] "Extension->Webview(editorChangedEvent): [object Object]", source: file:///C:/users/hutao/appdata/local/microsoft/visualstudio/17.0_e46f0f1f/extensions/gfz30igo.ew2/WebView/Resources/autowork/chat.js (2)
[0512/200557.203:INFO:CONSOLE(2)] "Extension->Webview(editorChangedEvent): [object Object]", source: file:///C:/users/hutao/appdata/local/microsoft/visualstudio/17.0_e46f0f1f/extensions/gfz30igo.ew2/WebView/Resources/autowork/chat.js (2)
[0512/200559.182:INFO:CONSOLE(2)] "Extension->Webview(editorChangedEvent): [object Object]", source: file:///C:/users/hutao/appdata/local/microsoft/visualstudio/17.0_e46f0f1f/extensions/gfz30igo.ew2/WebView/Resources/autowork/chat.js (2)
[0512/200830.591:INFO:CONSOLE(2)] "Extension->Webview(editorChangedEvent): [object Object]", source: file:///C:/users/hutao/appdata/local/microsoft/visualstudio/17.0_e46f0f1f/extensions/gfz30igo.ew2/WebView/Resources/autowork/chat.js (2)
[0512/203314.894:INFO:CONSOLE(2)] "Extension->Webview(editorChangedEvent): [object Object]", source: file:///C:/users/hutao/appdata/local/microsoft/visualstudio/17.0_e46f0f1f/extensions/gfz30igo.ew2/WebView/Resources/autowork/chat.js (2)
[0512/203426.403:INFO:CONSOLE(2)] "Extension->Webview(editorChangedEvent): [object Object]", source: file:///C:/users/hutao/appdata/local/microsoft/visualstudio/17.0_e46f0f1f/extensions/gfz30igo.ew2/WebView/Resources/autowork/chat.js (2)
[0512/203523.627:INFO:CONSOLE(2)] "Extension->Webview(editorChangedEvent): [object Object]", source: file:///C:/users/hutao/appdata/local/microsoft/visualstudio/17.0_e46f0f1f/extensions/gfz30igo.ew2/WebView/Resources/autowork/chat.js (2)
[0512/203523.670:INFO:CONSOLE(2)] "Extension->Webview(editorChangedEvent): [object Object]", source: file:///C:/users/hutao/appdata/local/microsoft/visualstudio/17.0_e46f0f1f/extensions/gfz30igo.ew2/WebView/Resources/autowork/chat.js (2)
[0512/203623.872:INFO:CONSOLE(2)] "Extension->Webview(editorChangedEvent): [object Object]", source: file:///C:/users/hutao/appdata/local/microsoft/visualstudio/17.0_e46f0f1f/extensions/gfz30igo.ew2/WebView/Resources/autowork/chat.js (2)
[0512/203632.404:INFO:CONSOLE(2)] "Extension->Webview(editorChangedEvent): [object Object]", source: file:///C:/users/hutao/appdata/local/microsoft/visualstudio/17.0_e46f0f1f/extensions/gfz30igo.ew2/WebView/Resources/autowork/chat.js (2)
[0512/204531.325:INFO:CONSOLE(2)] "Extension->Webview(editorChangedEvent): [object Object]", source: file:///C:/users/hutao/appdata/local/microsoft/visualstudio/17.0_e46f0f1f/extensions/gfz30igo.ew2/WebView/Resources/autowork/chat.js (2)
[0512/204631.195:INFO:CONSOLE(2)] "Extension->Webview(editorChangedEvent): [object Object]", source: file:///C:/users/hutao/appdata/local/microsoft/visualstudio/17.0_e46f0f1f/extensions/gfz30igo.ew2/WebView/Resources/autowork/chat.js (2)
[0512/204642.693:INFO:CONSOLE(2)] "Extension->Webview(editorChangedEvent): [object Object]", source: file:///C:/users/hutao/appdata/local/microsoft/visualstudio/17.0_e46f0f1f/extensions/gfz30igo.ew2/WebView/Resources/autowork/chat.js (2)
[0512/204723.101:INFO:CONSOLE(2)] "Extension->Webview(editorChangedEvent): [object Object]", source: file:///C:/users/hutao/appdata/local/microsoft/visualstudio/17.0_e46f0f1f/extensions/gfz30igo.ew2/WebView/Resources/autowork/chat.js (2)
[0512/204850.985:INFO:CONSOLE(2)] "Extension->Webview(editorChangedEvent): [object Object]", source: file:///C:/users/hutao/appdata/local/microsoft/visualstudio/17.0_e46f0f1f/extensions/gfz30igo.ew2/WebView/Resources/autowork/chat.js (2)
[0512/204941.790:INFO:CONSOLE(2)] "Extension->Webview(editorChangedEvent): [object Object]", source: file:///C:/users/hutao/appdata/local/microsoft/visualstudio/17.0_e46f0f1f/extensions/gfz30igo.ew2/WebView/Resources/autowork/chat.js (2)
[0512/205039.875:INFO:CONSOLE(2)] "Extension->Webview(editorChangedEvent): [object Object]", source: file:///C:/users/hutao/appdata/local/microsoft/visualstudio/17.0_e46f0f1f/extensions/gfz30igo.ew2/WebView/Resources/autowork/chat.js (2)
[0512/205041.201:INFO:CONSOLE(2)] "Extension->Webview(editorChangedEvent): [object Object]", source: file:///C:/users/hutao/appdata/local/microsoft/visualstudio/17.0_e46f0f1f/extensions/gfz30igo.ew2/WebView/Resources/autowork/chat.js (2)
[0512/205050.257:INFO:CONSOLE(2)] "Extension->Webview(editorChangedEvent): [object Object]", source: file:///C:/users/hutao/appdata/local/microsoft/visualstudio/17.0_e46f0f1f/extensions/gfz30igo.ew2/WebView/Resources/autowork/chat.js (2)
[0512/205050.854:INFO:CONSOLE(2)] "Extension->Webview(editorChangedEvent): [object Object]", source: file:///C:/users/hutao/appdata/local/microsoft/visualstudio/17.0_e46f0f1f/extensions/gfz30igo.ew2/WebView/Resources/autowork/chat.js (2)
[0512/205053.273:INFO:CONSOLE(2)] "Extension->Webview(editorChangedEvent): [object Object]", source: file:///C:/users/hutao/appdata/local/microsoft/visualstudio/17.0_e46f0f1f/extensions/gfz30igo.ew2/WebView/Resources/autowork/chat.js (2)
[0512/205054.329:INFO:CONSOLE(2)] "Extension->Webview(editorChangedEvent): [object Object]", source: file:///C:/users/hutao/appdata/local/microsoft/visualstudio/17.0_e46f0f1f/extensions/gfz30igo.ew2/WebView/Resources/autowork/chat.js (2)
[0512/205340.231:INFO:CONSOLE(2)] "Extension->Webview(editorChangedEvent): [object Object]", source: file:///C:/users/hutao/appdata/local/microsoft/visualstudio/17.0_e46f0f1f/extensions/gfz30igo.ew2/WebView/Resources/autowork/chat.js (2)
[0512/205358.086:INFO:CONSOLE(2)] "Extension->Webview(editorChangedEvent): [object Object]", source: file:///C:/users/hutao/appdata/local/microsoft/visualstudio/17.0_e46f0f1f/extensions/gfz30igo.ew2/WebView/Resources/autowork/chat.js (2)
[0512/205401.471:INFO:CONSOLE(2)] "Extension->Webview(editorChangedEvent): [object Object]", source: file:///C:/users/hutao/appdata/local/microsoft/visualstudio/17.0_e46f0f1f/extensions/gfz30igo.ew2/WebView/Resources/autowork/chat.js (2)
[0512/205402.747:INFO:CONSOLE(2)] "Extension->Webview(editorChangedEvent): [object Object]", source: file:///C:/users/hutao/appdata/local/microsoft/visualstudio/17.0_e46f0f1f/extensions/gfz30igo.ew2/WebView/Resources/autowork/chat.js (2)
[0512/205420.039:INFO:CONSOLE(2)] "Extension->Webview(editorChangedEvent): [object Object]", source: file:///C:/users/hutao/appdata/local/microsoft/visualstudio/17.0_e46f0f1f/extensions/gfz30igo.ew2/WebView/Resources/autowork/chat.js (2)
[0512/205421.336:INFO:CONSOLE(2)] "Extension->Webview(editorChangedEvent): [object Object]", source: file:///C:/users/hutao/appdata/local/microsoft/visualstudio/17.0_e46f0f1f/extensions/gfz30igo.ew2/WebView/Resources/autowork/chat.js (2)
[0512/205450.563:INFO:CONSOLE(2)] "Extension->Webview(editorChangedEvent): [object Object]", source: file:///C:/users/hutao/appdata/local/microsoft/visualstudio/17.0_e46f0f1f/extensions/gfz30igo.ew2/WebView/Resources/autowork/chat.js (2)
[0512/205452.877:INFO:CONSOLE(2)] "Extension->Webview(editorChangedEvent): [object Object]", source: file:///C:/users/hutao/appdata/local/microsoft/visualstudio/17.0_e46f0f1f/extensions/gfz30igo.ew2/WebView/Resources/autowork/chat.js (2)
[0512/205454.097:INFO:CONSOLE(2)] "Extension->Webview(editorChangedEvent): [object Object]", source: file:///C:/users/hutao/appdata/local/microsoft/visualstudio/17.0_e46f0f1f/extensions/gfz30igo.ew2/WebView/Resources/autowork/chat.js (2)
[0512/205456.820:INFO:CONSOLE(2)] "Extension->Webview(editorChangedEvent): [object Object]", source: file:///C:/users/hutao/appdata/local/microsoft/visualstudio/17.0_e46f0f1f/extensions/gfz30igo.ew2/WebView/Resources/autowork/chat.js (2)
[0512/205458.574:INFO:CONSOLE(2)] "Extension->Webview(editorChangedEvent): [object Object]", source: file:///C:/users/hutao/appdata/local/microsoft/visualstudio/17.0_e46f0f1f/extensions/gfz30igo.ew2/WebView/Resources/autowork/chat.js (2)
[0512/205459.429:INFO:CONSOLE(2)] "Extension->Webview(editorChangedEvent): [object Object]", source: file:///C:/users/hutao/appdata/local/microsoft/visualstudio/17.0_e46f0f1f/extensions/gfz30igo.ew2/WebView/Resources/autowork/chat.js (2)
[0512/205529.448:INFO:CONSOLE(2)] "Extension->Webview(editorChangedEvent): [object Object]", source: file:///C:/users/hutao/appdata/local/microsoft/visualstudio/17.0_e46f0f1f/extensions/gfz30igo.ew2/WebView/Resources/autowork/chat.js (2)
[0512/205529.448:INFO:CONSOLE(2)] "Extension->Webview(editorChangedEvent): [object Object]", source: file:///C:/users/hutao/appdata/local/microsoft/visualstudio/17.0_e46f0f1f/extensions/gfz30igo.ew2/WebView/Resources/autowork/chat.js (2)
[0512/205530.871:INFO:CONSOLE(2)] "Extension->Webview(editorChangedEvent): [object Object]", source: file:///C:/users/hutao/appdata/local/microsoft/visualstudio/17.0_e46f0f1f/extensions/gfz30igo.ew2/WebView/Resources/autowork/chat.js (2)
[0512/205616.156:INFO:CONSOLE(2)] "Extension->Webview(editorChangedEvent): [object Object]", source: file:///C:/users/hutao/appdata/local/microsoft/visualstudio/17.0_e46f0f1f/extensions/gfz30igo.ew2/WebView/Resources/autowork/chat.js (2)
[0512/205629.268:INFO:CONSOLE(2)] "Extension->Webview(editorChangedEvent): [object Object]", source: file:///C:/users/hutao/appdata/local/microsoft/visualstudio/17.0_e46f0f1f/extensions/gfz30igo.ew2/WebView/Resources/autowork/chat.js (2)
[0513/143037.482:WARNING:dns_config_service_win.cc(586)] Failed to read DnsConfig.
[0513/193651.650:WARNING:dns_config_service_win.cc(586)] Failed to read DnsConfig.
